#
# A fatal error has been detected by the Java Runtime Environment:
#
#  EXCEPTION_ACCESS_VIOLATION (0xc0000005) at pc=0x0000000000000000, pid=1840, tid=5096
#
# JRE version: Java(TM) SE Runtime Environment (8.0_31-b13) (build 1.8.0_31-b13)
# Java VM: Java HotSpot(TM) 64-Bit Server VM (25.31-b07 mixed mode windows-amd64 compressed oops)
# Problematic frame:
# C  0x0000000000000000
#
# Failed to write core dump. Minidumps are not enabled by default on client versions of Windows
#
# If you would like to submit a bug report, please visit:
#   http://bugreport.java.com/bugreport/crash.jsp
#

---------------  T H R E A D  ---------------

Current thread (0x000000001e5c2000):  JavaThread "RMI TCP Connection(1)-192.168.1.55" daemon [_thread_in_Java, id=5096, stack(0x000000001e360000,0x000000001e460000)]

siginfo: ExceptionCode=0xc0000005, ExceptionInformation=0x0000000000000008 0x0000000000000000

Registers:
RAX=0x000000000f0177b0, RBX=0x000000000c69bcf8, RCX=0x000000000c6fe270, RDX=0x000000000f0177b0
RSP=0x000000001e45d720, RBP=0x000000001e45d798, RSI=0x00000000f8019de9, RDI=0x00000007c000b4b8
R8 =0x0000000000000000, R9 =0x00000006c4a69080, R10=0x00000000638a62c0, R11=0x000000001e45d880
R12=0x0000000000000000, R13=0x000000001e45d720, R14=0x000000001e45d7e0, R15=0x000000001e5c2000
RIP=0x0000000000000000, EFLAGS=0x0000000000010202

Top of Stack: (sp=0x000000001e45d720)
0x000000001e45d720:   000000000f0177b0 00000006c4a13c48
0x000000001e45d730:   000000076c4f69a8 00000006c4a609a0
0x000000001e45d740:   00000006c4a1f9e8 000000076c38a778
0x000000001e45d750:   000000076c4f6a30 000000001e45d758
0x000000001e45d760:   000000000c6fe1f4 000000001e45d7e0
0x000000001e45d770:   000000000c6fe270 0000000000000000
0x000000001e45d780:   000000000c6fe200 000000001e45d720
0x000000001e45d790:   000000001e45d7b0 000000001e45d828
0x000000001e45d7a0:   000000000f0177b0 00000006c4ae5288
0x000000001e45d7b0:   00000006c4a13c48 000000076c4f69a8
0x000000001e45d7c0:   00000006c4a609a0 00000006c4a1f9e8
0x000000001e45d7d0:   000000076c38a778 000000076c4f6a30
0x000000001e45d7e0:   00000006c4ae5408 000000001e45d7e8
0x000000001e45d7f0:   000000000c7251a3 000000001e45d840
0x000000001e45d800:   000000000c725220 0000000000000000
0x000000001e45d810:   000000000c7251b0 000000001e45d7b0 

Instructions: (pc=0x0000000000000000)
0xffffffffffffffe0:   


Register to memory mapping:

RAX=0x000000000f0177b0 is at code_begin+1456 in an Interpreter codelet
invoke return entry points  [0x000000000f017200, 0x000000000f017b00]  2304 bytes
RBX=0x000000000c69bcf8 is pointing into metadata
RCX=0x000000000c6fe270 is pointing into metadata
RDX=0x000000000f0177b0 is at code_begin+1456 in an Interpreter codelet
invoke return entry points  [0x000000000f017200, 0x000000000f017b00]  2304 bytes
RSP=0x000000001e45d720 is pointing into the stack for thread: 0x000000001e5c2000
RBP=0x000000001e45d798 is pointing into the stack for thread: 0x000000001e5c2000
RSI=0x00000000f8019de9 is an unknown value
RDI=0x00000007c000b4b8 is pointing into metadata
R8 =0x0000000000000000 is an unknown value
R9 =0x00000006c4a69080 is an oop
java.lang.Class 
 - klass: 'java/lang/Class'
R10=0x00000000638a62c0 is an unknown value
R11=0x000000001e45d880 is pointing into the stack for thread: 0x000000001e5c2000
R12=0x0000000000000000 is an unknown value
R13=0x000000001e45d720 is pointing into the stack for thread: 0x000000001e5c2000
R14=0x000000001e45d7e0 is pointing into the stack for thread: 0x000000001e5c2000
R15=0x000000001e5c2000 is a thread


Stack: [0x000000001e360000,0x000000001e460000],  sp=0x000000001e45d720,  free space=1013k
Native frames: (J=compiled Java code, j=interpreted, Vv=VM code, C=native code)


---------------  P R O C E S S  ---------------

Java Threads: ( => current thread )
  0x000000001ea1a000 JavaThread "*** Profiler Agent Special Execution Thread 8" daemon [_thread_blocked, id=8512, stack(0x000000002f910000,0x000000002fa10000)]
  0x000000001ea19800 JavaThread "*** Profiler Agent Special Execution Thread 6" daemon [_thread_blocked, id=8464, stack(0x000000002e9f0000,0x000000002eaf0000)]
  0x000000001ea18800 JavaThread "*** JFluid Monitor thread ***" daemon [_thread_blocked, id=8460, stack(0x000000002e860000,0x000000002e960000)]
  0x000000001e6f3000 JavaThread "*** Profiler Agent Communication Thread" daemon [_thread_blocked, id=8448, stack(0x000000002e4d0000,0x000000002e5d0000)]
  0x000000001e6f1800 JavaThread "DestroyJavaVM" [_thread_blocked, id=7016, stack(0x00000000023b0000,0x00000000024b0000)]
  0x000000001e6f1000 JavaThread "Thread-201" [_thread_blocked, id=8316, stack(0x000000002d090000,0x000000002d190000)]
  0x000000001e6f0000 JavaThread "Thread-200" [_thread_blocked, id=8312, stack(0x000000002ce60000,0x000000002cf60000)]
  0x000000001e6ef800 JavaThread "Thread-199" [_thread_blocked, id=8308, stack(0x000000002ccf0000,0x000000002cdf0000)]
  0x000000001e6ee800 JavaThread "Thread-198" [_thread_blocked, id=8304, stack(0x000000002cb60000,0x000000002cc60000)]
  0x000000001e6ee000 JavaThread "Thread-197" [_thread_blocked, id=8300, stack(0x000000002ca50000,0x000000002cb50000)]
  0x000000001e6ed000 JavaThread "Thread-196" [_thread_blocked, id=8296, stack(0x000000002c710000,0x000000002c810000)]
  0x000000001e6ec800 JavaThread "Thread-195" [_thread_blocked, id=8292, stack(0x000000002c850000,0x000000002c950000)]
  0x000000001e6eb800 JavaThread "Thread-194" [_thread_blocked, id=8288, stack(0x000000002c470000,0x000000002c570000)]
  0x000000001e6eb000 JavaThread "Thread-193" [_thread_blocked, id=8284, stack(0x000000002c5b0000,0x000000002c6b0000)]
  0x000000001e6ea000 JavaThread "Thread-192" [_thread_blocked, id=8280, stack(0x000000002c350000,0x000000002c450000)]
  0x000000001e6e9800 JavaThread "Thread-191" [_thread_blocked, id=8276, stack(0x000000002c250000,0x000000002c350000)]
  0x000000001e6e8800 JavaThread "Thread-190" [_thread_blocked, id=8272, stack(0x000000002b0d0000,0x000000002b1d0000)]
  0x000000001e6e8000 JavaThread "Thread-189" [_thread_blocked, id=8268, stack(0x000000002c110000,0x000000002c210000)]
  0x000000001e6e7000 JavaThread "Thread-188" [_thread_blocked, id=8264, stack(0x000000002bca0000,0x000000002bda0000)]
  0x000000001e6e6800 JavaThread "Thread-187" [_thread_blocked, id=8260, stack(0x000000002bf90000,0x000000002c090000)]
  0x000000001e6e5800 JavaThread "Thread-186" [_thread_blocked, id=8256, stack(0x000000002be00000,0x000000002bf00000)]
  0x000000001e6e5000 JavaThread "Thread-185" [_thread_blocked, id=8252, stack(0x000000002bba0000,0x000000002bca0000)]
  0x000000001e6e4000 JavaThread "Thread-184" [_thread_blocked, id=8248, stack(0x000000002ba40000,0x000000002bb40000)]
  0x000000001e819800 JavaThread "Thread-183" [_thread_blocked, id=8244, stack(0x000000002b900000,0x000000002ba00000)]
  0x000000001e819000 JavaThread "Thread-182" [_thread_blocked, id=8240, stack(0x000000002b760000,0x000000002b860000)]
  0x000000001e818000 JavaThread "Thread-181" [_thread_blocked, id=8236, stack(0x000000002b640000,0x000000002b740000)]
  0x000000001e817800 JavaThread "Thread-180" [_thread_blocked, id=8232, stack(0x000000002aed0000,0x000000002afd0000)]
  0x000000001e816800 JavaThread "Thread-179" [_thread_blocked, id=8228, stack(0x000000002b4e0000,0x000000002b5e0000)]
  0x000000001e816000 JavaThread "Thread-178" [_thread_blocked, id=8224, stack(0x000000002b390000,0x000000002b490000)]
  0x000000001e815000 JavaThread "Thread-177" [_thread_blocked, id=8220, stack(0x000000002ac80000,0x000000002ad80000)]
  0x000000001e814800 JavaThread "Thread-176" [_thread_blocked, id=8216, stack(0x000000002b200000,0x000000002b300000)]
  0x000000001e813800 JavaThread "Thread-175" [_thread_blocked, id=8212, stack(0x000000002afd0000,0x000000002b0d0000)]
  0x000000001e813000 JavaThread "Thread-174" [_thread_blocked, id=8208, stack(0x000000002a970000,0x000000002aa70000)]
  0x000000001e812000 JavaThread "Thread-173" [_thread_blocked, id=8204, stack(0x000000002ad90000,0x000000002ae90000)]
  0x000000001e811800 JavaThread "Thread-172" [_thread_blocked, id=8200, stack(0x000000002ab80000,0x000000002ac80000)]
  0x000000001e810800 JavaThread "Thread-171" [_thread_blocked, id=8196, stack(0x000000002aa70000,0x000000002ab70000)]
  0x000000001e810000 JavaThread "Thread-170" [_thread_blocked, id=5748, stack(0x000000002a850000,0x000000002a950000)]
  0x000000001e80f000 JavaThread "Thread-169" [_thread_blocked, id=7324, stack(0x0000000029590000,0x0000000029690000)]
  0x000000001e80e800 JavaThread "Thread-168" [_thread_blocked, id=7680, stack(0x000000002a670000,0x000000002a770000)]
  0x000000001e80d800 JavaThread "Thread-167" [_thread_blocked, id=5816, stack(0x000000002a540000,0x000000002a640000)]
  0x000000001e80d000 JavaThread "Thread-166" [_thread_blocked, id=5544, stack(0x000000002a430000,0x000000002a530000)]
  0x000000001e80c000 JavaThread "Thread-165" [_thread_blocked, id=2032, stack(0x000000002a280000,0x000000002a380000)]
  0x000000001e80b800 JavaThread "Thread-164" [_thread_blocked, id=7196, stack(0x000000002a170000,0x000000002a270000)]
  0x000000001e80a800 JavaThread "Thread-163" [_thread_blocked, id=1072, stack(0x0000000029b20000,0x0000000029c20000)]
  0x000000001e591800 JavaThread "Thread-162" [_thread_blocked, id=7640, stack(0x0000000029fc0000,0x000000002a0c0000)]
  0x000000001e591000 JavaThread "Thread-161" [_thread_blocked, id=6256, stack(0x0000000029dd0000,0x0000000029ed0000)]
  0x000000001e590000 JavaThread "Thread-160" [_thread_blocked, id=5988, stack(0x0000000029c60000,0x0000000029d60000)]
  0x000000001e58f800 JavaThread "Thread-159" [_thread_blocked, id=5724, stack(0x0000000029a10000,0x0000000029b10000)]
  0x000000001e58e800 JavaThread "Thread-158" [_thread_blocked, id=5456, stack(0x0000000029840000,0x0000000029940000)]
  0x000000001e58e000 JavaThread "Thread-157" [_thread_blocked, id=5972, stack(0x00000000296d0000,0x00000000297d0000)]
  0x000000001e58d000 JavaThread "Thread-156" [_thread_blocked, id=7652, stack(0x0000000029470000,0x0000000029570000)]
  0x000000001e58c800 JavaThread "Thread-155" [_thread_blocked, id=7328, stack(0x00000000292f0000,0x00000000293f0000)]
  0x000000001e58b800 JavaThread "Thread-154" [_thread_blocked, id=4168, stack(0x0000000027950000,0x0000000027a50000)]
  0x000000001e58b000 JavaThread "Thread-153" [_thread_blocked, id=5432, stack(0x0000000028d70000,0x0000000028e70000)]
  0x000000001e58a000 JavaThread "Thread-152" [_thread_blocked, id=7540, stack(0x0000000029190000,0x0000000029290000)]
  0x000000001e589800 JavaThread "Thread-151" [_thread_blocked, id=7340, stack(0x0000000029020000,0x0000000029120000)]
  0x000000001e588800 JavaThread "Thread-150" [_thread_blocked, id=7976, stack(0x0000000028e70000,0x0000000028f70000)]
  0x000000001e588000 JavaThread "Thread-149" [_thread_blocked, id=7428, stack(0x0000000028c60000,0x0000000028d60000)]
  0x000000001e587000 JavaThread "Thread-148" [_thread_blocked, id=6196, stack(0x0000000028860000,0x0000000028960000)]
  0x000000001e586800 JavaThread "Thread-147" [_thread_blocked, id=7836, stack(0x0000000028b10000,0x0000000028c10000)]
  0x000000001e585800 JavaThread "Thread-146" [_thread_blocked, id=4708, stack(0x0000000028960000,0x0000000028a60000)]
  0x000000001e585000 JavaThread "Thread-145" [_thread_blocked, id=4256, stack(0x00000000286d0000,0x00000000287d0000)]
  0x000000001e584000 JavaThread "Thread-144" [_thread_blocked, id=7588, stack(0x00000000284e0000,0x00000000285e0000)]
  0x000000001e583800 JavaThread "Thread-143" [_thread_blocked, id=5772, stack(0x0000000027e60000,0x0000000027f60000)]
  0x000000001e582800 JavaThread "Thread-142" [_thread_blocked, id=2160, stack(0x00000000283d0000,0x00000000284d0000)]
  0x000000001e7f7800 JavaThread "Thread-141" [_thread_blocked, id=2684, stack(0x0000000028240000,0x0000000028340000)]
  0x000000001e7f6800 JavaThread "Thread-140" [_thread_blocked, id=4244, stack(0x00000000280b0000,0x00000000281b0000)]
  0x000000001e800800 JavaThread "Thread-139" [_thread_blocked, id=3268, stack(0x0000000027f60000,0x0000000028060000)]
  0x000000001e803800 JavaThread "Thread-138" [_thread_blocked, id=7532, stack(0x0000000027b80000,0x0000000027c80000)]
  0x000000001e802800 JavaThread "Thread-137" [_thread_blocked, id=7952, stack(0x0000000023310000,0x0000000023410000)]
  0x000000001e802000 JavaThread "Thread-136" [_thread_blocked, id=5244, stack(0x0000000027cd0000,0x0000000027dd0000)]
  0x000000001e804000 JavaThread "Thread-135" [_thread_blocked, id=2492, stack(0x000000001e010000,0x000000001e110000)]
  0x000000001e805000 JavaThread "Thread-134" [_thread_blocked, id=2036, stack(0x0000000027a50000,0x0000000027b50000)]
  0x000000001e801000 JavaThread "Thread-133" [_thread_blocked, id=6152, stack(0x0000000023610000,0x0000000023710000)]
  0x000000001e805800 JavaThread "Thread-132" [_thread_blocked, id=7736, stack(0x0000000027830000,0x0000000027930000)]
  0x000000001e7d9800 JavaThread "Thread-131" [_thread_blocked, id=2600, stack(0x0000000027660000,0x0000000027760000)]
  0x000000001e7d9000 JavaThread "Thread-130" [_thread_blocked, id=7308, stack(0x00000000230c0000,0x00000000231c0000)]
  0x000000001e7db000 JavaThread "Thread-129" [_thread_blocked, id=6084, stack(0x0000000026d70000,0x0000000026e70000)]
  0x000000001e7d6800 JavaThread "Thread-128" [_thread_blocked, id=6284, stack(0x0000000022f50000,0x0000000023050000)]
  0x000000001e7dd800 JavaThread "Thread-127" [_thread_blocked, id=6348, stack(0x0000000022a90000,0x0000000022b90000)]
  0x000000001e7dc000 JavaThread "Thread-126" [_thread_blocked, id=8156, stack(0x0000000022d40000,0x0000000022e40000)]
  0x000000001e7d8000 JavaThread "Thread-125" [_thread_blocked, id=6224, stack(0x00000000227d0000,0x00000000228d0000)]
  0x000000001e7d7800 JavaThread "Thread-124" [_thread_blocked, id=3320, stack(0x00000000218e0000,0x00000000219e0000)]
  0x000000001e7da800 JavaThread "Thread-123" [_thread_blocked, id=6800, stack(0x0000000021b10000,0x0000000021c10000)]
  0x000000001e7d6000 JavaThread "Thread-122" [_thread_blocked, id=6392, stack(0x0000000021320000,0x0000000021420000)]
  0x000000001e7d5000 JavaThread "Thread-121" [_thread_blocked, id=5304, stack(0x0000000020c90000,0x0000000020d90000)]
  0x000000001e7d4800 JavaThread "Thread-120" [_thread_blocked, id=5452, stack(0x0000000020f80000,0x0000000021080000)]
  0x000000001e7d2000 JavaThread "Thread-119" [_thread_blocked, id=7644, stack(0x0000000020db0000,0x0000000020eb0000)]
  0x000000001e7d3800 JavaThread "Thread-118" [_thread_blocked, id=7464, stack(0x0000000020b60000,0x0000000020c60000)]
  0x000000001e7d3000 JavaThread "Thread-117" [_thread_blocked, id=5808, stack(0x0000000020a10000,0x0000000020b10000)]
  0x000000001e7d1800 JavaThread "Thread-116" [_thread_blocked, id=1592, stack(0x000000001fd40000,0x000000001fe40000)]
  0x000000001e7d0800 JavaThread "Thread-115" [_thread_blocked, id=5728, stack(0x0000000020840000,0x0000000020940000)]
  0x000000000ded6800 JavaThread "Thread-114" [_thread_blocked, id=7496, stack(0x000000001ff50000,0x0000000020050000)]
  0x000000000ded6000 JavaThread "Thread-113" [_thread_blocked, id=8124, stack(0x0000000020650000,0x0000000020750000)]
  0x000000000ded5000 JavaThread "Thread-112" [_thread_blocked, id=7376, stack(0x000000001e130000,0x000000001e230000)]
  0x000000000ded4800 JavaThread "Thread-111" [_thread_blocked, id=2776, stack(0x00000000204e0000,0x00000000205e0000)]
  0x000000000ded3800 JavaThread "Thread-110" [_thread_blocked, id=6164, stack(0x00000000202f0000,0x00000000203f0000)]
  0x000000000ded3000 JavaThread "Thread-109" [_thread_blocked, id=8120, stack(0x0000000020160000,0x0000000020260000)]
  0x000000000ded2000 JavaThread "Thread-108" [_thread_blocked, id=7084, stack(0x0000000020050000,0x0000000020150000)]
  0x000000000ded1800 JavaThread "Thread-107" [_thread_blocked, id=6316, stack(0x000000001fe40000,0x000000001ff40000)]
  0x000000000ded0800 JavaThread "Thread-106" [_thread_blocked, id=5752, stack(0x000000001fbf0000,0x000000001fcf0000)]
  0x000000000ded0000 JavaThread "Thread-105" [_thread_blocked, id=7864, stack(0x000000001fa40000,0x000000001fb40000)]
  0x000000000decf000 JavaThread "Thread-104" [_thread_blocked, id=3468, stack(0x000000001f730000,0x000000001f830000)]
  0x000000001e5b2800 JavaThread "Thread-103" [_thread_blocked, id=6432, stack(0x000000001ee00000,0x000000001ef00000)]
  0x000000000dece800 JavaThread "Thread-102" [_thread_blocked, id=2852, stack(0x00000000274d0000,0x00000000275d0000)]
  0x000000000decd800 JavaThread "Thread-101" [_thread_blocked, id=6944, stack(0x0000000027380000,0x0000000027480000)]
  0x000000000decc800 JavaThread "Thread-100" [_thread_blocked, id=7092, stack(0x0000000027190000,0x0000000027290000)]
  0x000000000decc000 JavaThread "Thread-99" [_thread_blocked, id=7344, stack(0x0000000026fc0000,0x00000000270c0000)]
  0x000000000decb000 JavaThread "Thread-98" [_thread_blocked, id=5828, stack(0x0000000026e70000,0x0000000026f70000)]
  0x000000000deca800 JavaThread "Thread-97" [_thread_blocked, id=7604, stack(0x0000000026a00000,0x0000000026b00000)]
  0x000000000dec9800 JavaThread "Thread-96" [_thread_blocked, id=5492, stack(0x0000000026c10000,0x0000000026d10000)]
  0x000000000dec9000 JavaThread "Thread-95" [_thread_blocked, id=7584, stack(0x0000000026b00000,0x0000000026c00000)]
  0x000000000dec8000 JavaThread "Thread-94" [_thread_blocked, id=6368, stack(0x00000000268c0000,0x00000000269c0000)]
  0x000000000dec7800 JavaThread "Thread-93" [_thread_blocked, id=5848, stack(0x0000000026470000,0x0000000026570000)]
  0x000000001e683800 JavaThread "Thread-92" [_thread_blocked, id=5448, stack(0x00000000266e0000,0x00000000267e0000)]
  0x000000001e682800 JavaThread "Thread-91" [_thread_blocked, id=7984, stack(0x0000000023410000,0x0000000023510000)]
  0x000000001e682000 JavaThread "Thread-90" [_thread_blocked, id=2780, stack(0x00000000265c0000,0x00000000266c0000)]
  0x000000001e681000 JavaThread "Thread-89" [_thread_blocked, id=6488, stack(0x0000000026350000,0x0000000026450000)]
  0x000000001e680800 JavaThread "Thread-88" [_thread_blocked, id=5924, stack(0x0000000025f50000,0x0000000026050000)]
  0x000000001e67f800 JavaThread "Thread-87" [_thread_blocked, id=8108, stack(0x00000000261c0000,0x00000000262c0000)]
  0x000000001e67e800 JavaThread "Thread-86" [_thread_blocked, id=6424, stack(0x0000000026050000,0x0000000026150000)]
  0x000000001e67e000 JavaThread "Thread-85" [_thread_blocked, id=7536, stack(0x0000000024c00000,0x0000000024d00000)]
  0x000000001e67d000 JavaThread "Thread-84" [_thread_blocked, id=3348, stack(0x0000000025dc0000,0x0000000025ec0000)]
  0x000000001e67c800 JavaThread "Thread-83" [_thread_blocked, id=6264, stack(0x0000000025c00000,0x0000000025d00000)]
  0x000000001e67b800 JavaThread "Thread-82" [_thread_blocked, id=8052, stack(0x0000000025ac0000,0x0000000025bc0000)]
  0x000000001e67b000 JavaThread "Thread-81" [_thread_blocked, id=3392, stack(0x00000000257a0000,0x00000000258a0000)]
  0x000000001e67a000 JavaThread "Thread-80" [_thread_blocked, id=6444, stack(0x0000000025900000,0x0000000025a00000)]
  0x000000001e679800 JavaThread "Thread-79" [_thread_blocked, id=5548, stack(0x00000000256a0000,0x00000000257a0000)]
  0x000000001e678800 JavaThread "Thread-78" [_thread_blocked, id=3152, stack(0x0000000025580000,0x0000000025680000)]
  0x000000001e678000 JavaThread "Thread-77" [_thread_blocked, id=8048, stack(0x0000000025400000,0x0000000025500000)]
  0x000000001e677000 JavaThread "Thread-76" [_thread_blocked, id=7824, stack(0x0000000025220000,0x0000000025320000)]
  0x000000001e676800 JavaThread "Thread-75" [_thread_blocked, id=5504, stack(0x0000000025060000,0x0000000025160000)]
  0x000000001e675800 JavaThread "Thread-74" [_thread_blocked, id=3312, stack(0x00000000249e0000,0x0000000024ae0000)]
  0x000000001e675000 JavaThread "Thread-73" [_thread_blocked, id=7472, stack(0x0000000024e80000,0x0000000024f80000)]
  0x000000001e674000 JavaThread "Thread-72" [_thread_blocked, id=5592, stack(0x0000000024d10000,0x0000000024e10000)]
  0x000000001e5c0000 JavaThread "Thread-71" [_thread_blocked, id=1736, stack(0x0000000023210000,0x0000000023310000)]
  0x000000001e5bf800 JavaThread "Thread-70" [_thread_blocked, id=7204, stack(0x0000000024600000,0x0000000024700000)]
  0x000000001e5be800 JavaThread "Thread-69" [_thread_blocked, id=6032, stack(0x0000000023770000,0x0000000023870000)]
  0x000000001e5be000 JavaThread "Thread-68" [_thread_blocked, id=332, stack(0x0000000024af0000,0x0000000024bf0000)]
  0x000000001e5bd000 JavaThread "Thread-67" [_thread_blocked, id=976, stack(0x0000000022bf0000,0x0000000022cf0000)]
  0x000000001e5bc800 JavaThread "Thread-66" [_thread_blocked, id=7816, stack(0x00000000248b0000,0x00000000249b0000)]
  0x000000001e5bb800 JavaThread "Thread-65" [_thread_blocked, id=6384, stack(0x0000000024720000,0x0000000024820000)]
  0x000000001e5bb000 JavaThread "Thread-64" [_thread_blocked, id=5284, stack(0x00000000244e0000,0x00000000245e0000)]
  0x000000001e5ba000 JavaThread "Thread-63" [_thread_blocked, id=5584, stack(0x0000000023dd0000,0x0000000023ed0000)]
  0x000000001e5b9800 JavaThread "Thread-62" [_thread_blocked, id=8160, stack(0x00000000243b0000,0x00000000244b0000)]
  0x000000001e5b8800 JavaThread "Thread-61" [_thread_blocked, id=3540, stack(0x00000000241c0000,0x00000000242c0000)]
  0x000000001e5b8000 JavaThread "Thread-60" [_thread_blocked, id=2764, stack(0x00000000240c0000,0x00000000241c0000)]
  0x000000001e5b7000 JavaThread "Thread-59" [_thread_blocked, id=5760, stack(0x0000000023ef0000,0x0000000023ff0000)]
  0x000000001e5b6800 JavaThread "Thread-58" [_thread_blocked, id=3380, stack(0x0000000023c90000,0x0000000023d90000)]
  0x000000001e5b5800 JavaThread "Thread-57" [_thread_blocked, id=6340, stack(0x0000000023980000,0x0000000023a80000)]
  0x000000001e5b5000 JavaThread "Thread-56" [_thread_blocked, id=4248, stack(0x0000000023ab0000,0x0000000023bb0000)]
  0x000000001e5b4000 JavaThread "Thread-55" [_thread_blocked, id=6924, stack(0x0000000023870000,0x0000000023970000)]
  0x000000001e5b3800 JavaThread "Thread-54" [_thread_blocked, id=6304, stack(0x000000001f8b0000,0x000000001f9b0000)]
  0x000000001e5b2000 JavaThread "Thread-52" [_thread_blocked, id=4208, stack(0x000000001f540000,0x000000001f640000)]
  0x000000001e5b1000 JavaThread "Thread-51" [_thread_blocked, id=7172, stack(0x0000000023510000,0x0000000023610000)]
  0x000000001e7ff800 JavaThread "Thread-41" [_thread_blocked, id=7556, stack(0x0000000022920000,0x0000000022a20000)]
  0x000000001e7ff000 JavaThread "Thread-40" [_thread_blocked, id=5860, stack(0x00000000226a0000,0x00000000227a0000)]
  0x000000001e7fe000 JavaThread "Thread-39" [_thread_blocked, id=7616, stack(0x0000000022550000,0x0000000022650000)]
  0x000000001e7fd800 JavaThread "Thread-38" [_thread_blocked, id=5700, stack(0x00000000223d0000,0x00000000224d0000)]
  0x000000001e7fc800 JavaThread "Thread-37" [_thread_blocked, id=4080, stack(0x0000000022290000,0x0000000022390000)]
  0x000000001e7fc000 JavaThread "Thread-36" [_thread_blocked, id=6644, stack(0x00000000217d0000,0x00000000218d0000)]
  0x000000001e7fb000 JavaThread "Thread-35" [_thread_blocked, id=7812, stack(0x0000000022150000,0x0000000022250000)]
  0x000000001e7fa800 JavaThread "Thread-34" [_thread_blocked, id=6896, stack(0x0000000021ff0000,0x00000000220f0000)]
  0x000000001e7f9800 JavaThread "Thread-33" [_thread_blocked, id=7876, stack(0x0000000021e10000,0x0000000021f10000)]
  0x000000001e7f9000 JavaThread "Thread-32" [_thread_blocked, id=2300, stack(0x0000000021c70000,0x0000000021d70000)]
  0x000000001e7f8000 JavaThread "Thread-31" [_thread_blocked, id=1308, stack(0x00000000219e0000,0x0000000021ae0000)]
  0x000000001e7df800 JavaThread "Thread-28" [_thread_blocked, id=3056, stack(0x0000000021670000,0x0000000021770000)]
  0x000000001e7df000 JavaThread "Thread-27" [_thread_blocked, id=2552, stack(0x0000000021510000,0x0000000021610000)]
  0x000000001e7de000 JavaThread "Thread-26" [_thread_blocked, id=6228, stack(0x0000000021210000,0x0000000021310000)]
  0x000000001e7dc800 JavaThread "Thread-24" [_thread_blocked, id=3036, stack(0x00000000210f0000,0x00000000211f0000)]
  0x000000001e7bb000 JavaThread "RMI TCP Connection(3)-192.168.1.55" daemon [_thread_in_native, id=5344, stack(0x000000001f430000,0x000000001f530000)]
  0x000000001e78b000 JavaThread "JMX server connection timeout 15" daemon [_thread_blocked, id=6824, stack(0x000000001f270000,0x000000001f370000)]
  0x000000001e788800 JavaThread "RMI Scheduler(0)" daemon [_thread_blocked, id=6960, stack(0x000000001f0d0000,0x000000001f1d0000)]
=>0x000000001e5c2000 JavaThread "RMI TCP Connection(1)-192.168.1.55" daemon [_thread_in_Java, id=5096, stack(0x000000001e360000,0x000000001e460000)]
  0x000000001e62b800 JavaThread "RMI TCP Accept-0" daemon [_thread_in_native, id=6344, stack(0x000000001ef70000,0x000000001f070000)]
  0x000000000e157000 JavaThread "Monitor Ctrl-Break" daemon [_thread_in_native, id=4012, stack(0x000000000ee70000,0x000000000ef70000)]
  0x000000000defd000 JavaThread "Service Thread" daemon [_thread_blocked, id=4180, stack(0x000000000e700000,0x000000000e800000)]
  0x000000000def3000 JavaThread "C1 CompilerThread2" daemon [_thread_blocked, id=5228, stack(0x000000000ea40000,0x000000000eb40000)]
  0x000000000dea9000 JavaThread "C2 CompilerThread1" daemon [_thread_in_native, id=6812, stack(0x000000000e840000,0x000000000e940000)]
  0x000000000de9b000 JavaThread "C2 CompilerThread0" daemon [_thread_blocked, id=7500, stack(0x000000000e5f0000,0x000000000e6f0000)]
  0x000000000de9a800 JavaThread "Attach Listener" daemon [_thread_blocked, id=4472, stack(0x000000000e3e0000,0x000000000e4e0000)]
  0x000000000ca81800 JavaThread "Signal Dispatcher" daemon [_thread_blocked, id=6772, stack(0x000000000e2e0000,0x000000000e3e0000)]
  0x000000000ca2a000 JavaThread "Finalizer" daemon [_thread_blocked, id=6380, stack(0x000000000dd90000,0x000000000de90000)]
  0x000000000ca21000 JavaThread "Reference Handler" daemon [_thread_blocked, id=6764, stack(0x000000000dc00000,0x000000000dd00000)]

Other Threads:
  0x000000000ca1d800 VMThread [stack: 0x000000000da10000,0x000000000db10000] [id=7712]
  0x000000000df13000 WatcherThread [stack: 0x000000000eb90000,0x000000000ec90000] [id=7572]

VM state:not at safepoint (normal execution)

VM Mutex/Monitor currently owned by a thread: None

Heap:
 PSYoungGen      total 75264K, used 15432K [0x000000076c380000, 0x0000000771780000, 0x00000007c0000000)
  eden space 64512K, 23% used [0x000000076c380000,0x000000076d2920e0,0x0000000770280000)
  from space 10752K, 0% used [0x0000000770280000,0x0000000770280000,0x0000000770d00000)
  to   space 10752K, 0% used [0x0000000770d00000,0x0000000770d00000,0x0000000771780000)
 ParOldGen       total 68096K, used 3457K [0x00000006c4a00000, 0x00000006c8c80000, 0x000000076c380000)
  object space 68096K, 5% used [0x00000006c4a00000,0x00000006c4d60598,0x00000006c8c80000)
 Metaspace       used 21025K, capacity 21310K, committed 21504K, reserved 1069056K
  class space    used 1647K, capacity 1770K, committed 1792K, reserved 1048576K

Card table byte_map: [0x0000000002870000,0x0000000003050000] byte_map_base: 0xffffffffff24b000

Marking Bits: (ParMarkBitMap*) 0x00000000638bd4f0
 Begin Bits: [0x0000000003b00000, 0x00000000079d8000)
 End Bits:   [0x00000000079d8000, 0x000000000b8b0000)

Polling page: 0x0000000000240000

CodeCache: size=245760Kb used=6444Kb max_used=6625Kb free=239315Kb
 bounds [0x000000000f010000, 0x000000000f6a0000, 0x000000001e010000]
 total_blobs=2276 nmethods=1922 adapters=268
 compilation: enabled

Compilation events (10 events):
Event: 76.808 Thread 0x000000000def3000 2196       3       java.util.WeakHashMap::put (170 bytes)
Event: 76.810 Thread 0x000000000def3000 nmethod 2196 0x000000000f688550 code [0x000000000f688780, 0x000000000f6896a8]
Event: 76.810 Thread 0x000000000def3000 2197       3       java.util.WeakHashMap$Entry::<init> (24 bytes)
Event: 76.810 Thread 0x000000000def3000 nmethod 2197 0x000000000f689d90 code [0x000000000f689f00, 0x000000000f68a250]
Event: 76.810 Thread 0x000000000def3000 2198       3       java.util.WeakHashMap::remove (133 bytes)
Event: 76.811 Thread 0x000000000def3000 nmethod 2198 0x000000000f68a3d0 code [0x000000000f68a5c0, 0x000000000f68b0a8]
Event: 76.811 Thread 0x000000000def3000 2199       3       java.util.WeakHashMap::eq (19 bytes)
Event: 76.811 Thread 0x000000000def3000 nmethod 2199 0x000000000f68b550 code [0x000000000f68b6c0, 0x000000000f68b948]
Event: 77.139 Thread 0x000000000de9b000 nmethod 2191 0x000000000f68f710 code [0x000000000f68f9a0, 0x000000000f690a40]
Event: 77.638 Thread 0x000000000dea9000 2200   !   4       org.netbeans.lib.profiler.server.ProfilerRuntimeObjLiveness::traceObjAlloc (204 bytes)

GC Heap History (8 events):
Event: 10.259 GC heap before
{Heap before GC invocations=1 (full 0):
 PSYoungGen      total 75264K, used 64512K [0x000000076c380000, 0x0000000771780000, 0x00000007c0000000)
  eden space 64512K, 100% used [0x000000076c380000,0x0000000770280000,0x0000000770280000)
  from space 10752K, 0% used [0x0000000770d00000,0x0000000770d00000,0x0000000771780000)
  to   space 10752K, 0% used [0x0000000770280000,0x0000000770280000,0x0000000770d00000)
 ParOldGen       total 172032K, used 0K [0x00000006c4a00000, 0x00000006cf200000, 0x000000076c380000)
  object space 172032K, 0% used [0x00000006c4a00000,0x00000006c4a00000,0x00000006cf200000)
 Metaspace       used 8395K, capacity 8630K, committed 8832K, reserved 1056768K
  class space    used 992K, capacity 1038K, committed 1152K, reserved 1048576K
Event: 10.265 GC heap after
Heap after GC invocations=1 (full 0):
 PSYoungGen      total 75264K, used 2248K [0x000000076c380000, 0x0000000771780000, 0x00000007c0000000)
  eden space 64512K, 0% used [0x000000076c380000,0x000000076c380000,0x0000000770280000)
  from space 10752K, 20% used [0x0000000770280000,0x00000007704b2020,0x0000000770d00000)
  to   space 10752K, 0% used [0x0000000770d00000,0x0000000770d00000,0x0000000771780000)
 ParOldGen       total 172032K, used 8K [0x00000006c4a00000, 0x00000006cf200000, 0x000000076c380000)
  object space 172032K, 0% used [0x00000006c4a00000,0x00000006c4a02000,0x00000006cf200000)
 Metaspace       used 8395K, capacity 8630K, committed 8832K, reserved 1056768K
  class space    used 992K, capacity 1038K, committed 1152K, reserved 1048576K
}
Event: 67.829 GC heap before
{Heap before GC invocations=2 (full 0):
 PSYoungGen      total 75264K, used 66760K [0x000000076c380000, 0x0000000771780000, 0x00000007c0000000)
  eden space 64512K, 100% used [0x000000076c380000,0x0000000770280000,0x0000000770280000)
  from space 10752K, 20% used [0x0000000770280000,0x00000007704b2020,0x0000000770d00000)
  to   space 10752K, 0% used [0x0000000770d00000,0x0000000770d00000,0x0000000771780000)
 ParOldGen       total 172032K, used 8K [0x00000006c4a00000, 0x00000006cf200000, 0x000000076c380000)
  object space 172032K, 0% used [0x00000006c4a00000,0x00000006c4a02000,0x00000006cf200000)
 Metaspace       used 9600K, capacity 9902K, committed 9984K, reserved 1058816K
  class space    used 1121K, capacity 1255K, committed 1280K, reserved 1048576K
Event: 67.836 GC heap after
Heap after GC invocations=2 (full 0):
 PSYoungGen      total 75264K, used 7693K [0x000000076c380000, 0x0000000771780000, 0x00000007c0000000)
  eden space 64512K, 0% used [0x000000076c380000,0x000000076c380000,0x0000000770280000)
  from space 10752K, 71% used [0x0000000770d00000,0x00000007714836b0,0x0000000771780000)
  to   space 10752K, 0% used [0x0000000770280000,0x0000000770280000,0x0000000770d00000)
 ParOldGen       total 172032K, used 24K [0x00000006c4a00000, 0x00000006cf200000, 0x000000076c380000)
  object space 172032K, 0% used [0x00000006c4a00000,0x00000006c4a06000,0x00000006cf200000)
 Metaspace       used 9600K, capacity 9902K, committed 9984K, reserved 1058816K
  class space    used 1121K, capacity 1255K, committed 1280K, reserved 1048576K
}
Event: 76.271 GC heap before
{Heap before GC invocations=3 (full 0):
 PSYoungGen      total 75264K, used 30701K [0x000000076c380000, 0x0000000771780000, 0x00000007c0000000)
  eden space 64512K, 35% used [0x000000076c380000,0x000000076d9f8078,0x0000000770280000)
  from space 10752K, 71% used [0x0000000770d00000,0x00000007714836b0,0x0000000771780000)
  to   space 10752K, 0% used [0x0000000770280000,0x0000000770280000,0x0000000770d00000)
 ParOldGen       total 172032K, used 24K [0x00000006c4a00000, 0x00000006cf200000, 0x000000076c380000)
  object space 172032K, 0% used [0x00000006c4a00000,0x00000006c4a06000,0x00000006cf200000)
 Metaspace       used 20688K, capacity 20998K, committed 21248K, reserved 1069056K
  class space    used 1648K, capacity 1772K, committed 1792K, reserved 1048576K
Event: 76.293 GC heap after
Heap after GC invocations=3 (full 0):
 PSYoungGen      total 75264K, used 3682K [0x000000076c380000, 0x0000000771780000, 0x00000007c0000000)
  eden space 64512K, 0% used [0x000000076c380000,0x000000076c380000,0x0000000770280000)
  from space 10752K, 34% used [0x0000000770280000,0x0000000770618af0,0x0000000770d00000)
  to   space 10752K, 0% used [0x0000000770d00000,0x0000000770d00000,0x0000000771780000)
 ParOldGen       total 172032K, used 32K [0x00000006c4a00000, 0x00000006cf200000, 0x000000076c380000)
  object space 172032K, 0% used [0x00000006c4a00000,0x00000006c4a08000,0x00000006cf200000)
 Metaspace       used 20688K, capacity 20998K, committed 21248K, reserved 1069056K
  class space    used 1648K, capacity 1772K, committed 1792K, reserved 1048576K
}
Event: 76.293 GC heap before
{Heap before GC invocations=4 (full 1):
 PSYoungGen      total 75264K, used 3682K [0x000000076c380000, 0x0000000771780000, 0x00000007c0000000)
  eden space 64512K, 0% used [0x000000076c380000,0x000000076c380000,0x0000000770280000)
  from space 10752K, 34% used [0x0000000770280000,0x0000000770618af0,0x0000000770d00000)
  to   space 10752K, 0% used [0x0000000770d00000,0x0000000770d00000,0x0000000771780000)
 ParOldGen       total 172032K, used 32K [0x00000006c4a00000, 0x00000006cf200000, 0x000000076c380000)
  object space 172032K, 0% used [0x00000006c4a00000,0x00000006c4a08000,0x00000006cf200000)
 Metaspace       used 20688K, capacity 20998K, committed 21248K, reserved 1069056K
  class space    used 1648K, capacity 1772K, committed 1792K, reserved 1048576K
Event: 76.346 GC heap after
Heap after GC invocations=4 (full 1):
 PSYoungGen      total 75264K, used 0K [0x000000076c380000, 0x0000000771780000, 0x00000007c0000000)
  eden space 64512K, 0% used [0x000000076c380000,0x000000076c380000,0x0000000770280000)
  from space 10752K, 0% used [0x0000000770280000,0x0000000770280000,0x0000000770d00000)
  to   space 10752K, 0% used [0x0000000770d00000,0x0000000770d00000,0x0000000771780000)
 ParOldGen       total 68096K, used 3457K [0x00000006c4a00000, 0x00000006c8c80000, 0x000000076c380000)
  object space 68096K, 5% used [0x00000006c4a00000,0x00000006c4d60598,0x00000006c8c80000)
 Metaspace       used 20685K, capacity 20990K, committed 21248K, reserved 1069056K
  class space    used 1646K, capacity 1770K, committed 1792K, reserved 1048576K
}

Deoptimization events (10 events):
Event: 65.688 Thread 0x000000001e6f3000 Uncommon trap: reason=bimorphic action=maybe_recompile pc=0x000000000f3cbdec method=java.io.ObjectInputStream$PeekInputStream.read()I @ 23
Event: 65.689 Thread 0x000000001e6f3000 Uncommon trap: reason=bimorphic action=maybe_recompile pc=0x000000000f3cbdec method=java.io.ObjectInputStream$PeekInputStream.read()I @ 23
Event: 65.689 Thread 0x000000001e6f3000 Uncommon trap: reason=class_check action=maybe_recompile pc=0x000000000f11f3d8 method=java.util.Collections$UnmodifiableCollection$1.<init>(Ljava/util/Collections$UnmodifiableCollection;)V @ 17
Event: 68.614 Thread 0x000000001e5c2000 Uncommon trap: reason=unreached action=reinterpret pc=0x000000000f2c0c54 method=java.lang.ref.ReferenceQueue.poll()Ljava/lang/ref/Reference; @ 4
Event: 70.679 Thread 0x000000001e5c2000 Uncommon trap: reason=unreached action=reinterpret pc=0x000000000f57d12c method=java.io.ObjectOutputStream.defaultWriteFields(Ljava/lang/Object;Ljava/io/ObjectStreamClass;)V @ 51
Event: 72.054 Thread 0x000000001ea19800 Uncommon trap: reason=unreached action=reinterpret pc=0x000000000f5277d8 method=java.lang.Class.getName()Ljava/lang/String; @ 6
Event: 76.346 Thread 0x000000001ea18800 Uncommon trap: reason=unreached action=reinterpret pc=0x000000000f501d5c method=org.netbeans.lib.profiler.server.Monitors$ThreadDataTable.getPosIndex(Ljava/lang/Thread;)I @ 29
Event: 76.678 Thread 0x000000001ea1a000 Uncommon trap: reason=unreached action=reinterpret pc=0x000000000f5ba9f0 method=java.lang.ThreadLocal.get()Ljava/lang/Object; @ 11
Event: 76.679 Thread 0x000000001ea1a000 Uncommon trap: reason=unreached action=reinterpret pc=0x000000000f53ad6c method=java.util.TreeMap.getEntry(Ljava/lang/Object;)Ljava/util/TreeMap$Entry; @ 4
Event: 76.679 Thread 0x000000001ea1a000 Uncommon trap: reason=unreached action=reinterpret pc=0x000000000f507ce0 method=java.util.TreeMap.getEntry(Ljava/lang/Object;)Ljava/util/TreeMap$Entry; @ 4

Internal exceptions (10 events):
Event: 65.291 Thread 0x000000000de9a800 Exception <a 'java/security/PrivilegedActionException'> (0x000000076f86e188) thrown at [C:\workspace\8-2-build-windows-amd64-cygwin\jdk8u31\2394\hotspot\src\share\vm\prims\jvm.cpp, line 1312]
Event: 65.291 Thread 0x000000000de9a800 Exception <a 'java/security/PrivilegedActionException'> (0x000000076f870d88) thrown at [C:\workspace\8-2-build-windows-amd64-cygwin\jdk8u31\2394\hotspot\src\share\vm\prims\jvm.cpp, line 1312]
Event: 65.294 Thread 0x000000000de9a800 Exception <a 'java/security/PrivilegedActionException'> (0x000000076f8844a8) thrown at [C:\workspace\8-2-build-windows-amd64-cygwin\jdk8u31\2394\hotspot\src\share\vm\prims\jvm.cpp, line 1312]
Event: 65.294 Thread 0x000000000de9a800 Exception <a 'java/security/PrivilegedActionException'> (0x000000076f889738) thrown at [C:\workspace\8-2-build-windows-amd64-cygwin\jdk8u31\2394\hotspot\src\share\vm\prims\jvm.cpp, line 1312]
Event: 65.294 Thread 0x000000000de9a800 Exception <a 'java/security/PrivilegedActionException'> (0x000000076f88c388) thrown at [C:\workspace\8-2-build-windows-amd64-cygwin\jdk8u31\2394\hotspot\src\share\vm\prims\jvm.cpp, line 1312]
Event: 65.295 Thread 0x000000000de9a800 Exception <a 'java/security/PrivilegedActionException'> (0x000000076f894558) thrown at [C:\workspace\8-2-build-windows-amd64-cygwin\jdk8u31\2394\hotspot\src\share\vm\prims\jvm.cpp, line 1312]
Event: 65.295 Thread 0x000000000de9a800 Exception <a 'java/security/PrivilegedActionException'> (0x000000076f899968) thrown at [C:\workspace\8-2-build-windows-amd64-cygwin\jdk8u31\2394\hotspot\src\share\vm\prims\jvm.cpp, line 1312]
Event: 65.295 Thread 0x000000000de9a800 Exception <a 'java/security/PrivilegedActionException'> (0x000000076f89c620) thrown at [C:\workspace\8-2-build-windows-amd64-cygwin\jdk8u31\2394\hotspot\src\share\vm\prims\jvm.cpp, line 1312]
Event: 70.679 Thread 0x000000001e5c2000 Implicit null exception at 0x000000000f579ad2 to 0x000000000f57d121
Event: 76.678 Thread 0x000000001ea1a000 Implicit null exception at 0x000000000f5ba90f to 0x000000000f5ba9dd

Events (10 events):
Event: 77.139 Thread 0x000000000de9b000 flushing nmethod 0x000000000f14c0d0
Event: 77.139 Thread 0x000000000de9b000 flushing nmethod 0x000000000f14cb10
Event: 77.139 Thread 0x000000000de9b000 flushing nmethod 0x000000000f14d050
Event: 77.139 Thread 0x000000000de9b000 flushing nmethod 0x000000000f14e350
Event: 77.139 Thread 0x000000000de9b000 flushing nmethod 0x000000000f14e5d0
Event: 77.139 Thread 0x000000000de9b000 flushing nmethod 0x000000000f14f250
Event: 77.149 Executing VM operation: RedefineClasses
Event: 77.400 Executing VM operation: RedefineClasses done
Event: 77.411 Executing VM operation: RedefineClasses
Event: 77.637 Executing VM operation: RedefineClasses done


Dynamic libraries:
0x000000013fba0000 - 0x000000013fbd4000 	C:\Program Files\Java8\jdk1.8.0_31\bin\java.exe
0x0000000077a40000 - 0x0000000077bea000 	C:\Windows\SYSTEM32\ntdll.dll
0x0000000077820000 - 0x000000007793f000 	C:\Windows\system32\kernel32.dll
0x000007fefd780000 - 0x000007fefd7ea000 	C:\Windows\system32\KERNELBASE.dll
0x000007feff4b0000 - 0x000007feff58b000 	C:\Windows\system32\ADVAPI32.dll
0x000007feff590000 - 0x000007feff62f000 	C:\Windows\system32\msvcrt.dll
0x000007feff480000 - 0x000007feff49f000 	C:\Windows\SYSTEM32\sechost.dll
0x000007fefdfa0000 - 0x000007fefe0cd000 	C:\Windows\system32\RPCRT4.dll
0x0000000077940000 - 0x0000000077a3a000 	C:\Windows\system32\USER32.dll
0x000007fefdf00000 - 0x000007fefdf67000 	C:\Windows\system32\GDI32.dll
0x000007feff4a0000 - 0x000007feff4ae000 	C:\Windows\system32\LPK.dll
0x000007feffc80000 - 0x000007feffd4b000 	C:\Windows\system32\USP10.dll
0x000007fefbac0000 - 0x000007fefbcb4000 	C:\Windows\WinSxS\amd64_microsoft.windows.common-controls_6595b64144ccf1df_6.0.7601.18837_none_fa3b1e3d17594757\COMCTL32.dll
0x000007feff960000 - 0x000007feff9d1000 	C:\Windows\system32\SHLWAPI.dll
0x000007fefdf70000 - 0x000007fefdf9e000 	C:\Windows\system32\IMM32.DLL
0x000007feff2f0000 - 0x000007feff3f9000 	C:\Windows\system32\MSCTF.dll
0x000007fefd660000 - 0x000007fefd691000 	C:\Windows\system32\nvinitx.dll
0x000007fefd650000 - 0x000007fefd65c000 	C:\Windows\system32\VERSION.dll
0x000000000f000000 - 0x000000000f006000 	C:\Program Files\NVIDIA Corporation\CoProcManager\detoured.dll
0x000007fefaa80000 - 0x000007fefaab1000 	C:\Program Files\NVIDIA Corporation\CoProcManager\nvd3d9wrapx.dll
0x000007feffaa0000 - 0x000007feffc77000 	C:\Windows\system32\SETUPAPI.dll
0x000007fefd900000 - 0x000007fefd936000 	C:\Windows\system32\CFGMGR32.dll
0x000007fefdb50000 - 0x000007fefdc2a000 	C:\Windows\system32\OLEAUT32.dll
0x000007feff0e0000 - 0x000007feff2dc000 	C:\Windows\system32\ole32.dll
0x000007fefd760000 - 0x000007fefd77a000 	C:\Windows\system32\DEVOBJ.dll
0x000007fefaa50000 - 0x000007fefaa72000 	C:\Program Files\NVIDIA Corporation\CoProcManager\nvdxgiwrapx.dll
0x000000005dc50000 - 0x000000005dd22000 	C:\Program Files\Java8\jdk1.8.0_31\jre\bin\msvcr100.dll
0x00000000630e0000 - 0x000000006393a000 	C:\Program Files\Java8\jdk1.8.0_31\jre\bin\server\jvm.dll
0x000007fefb600000 - 0x000007fefb609000 	C:\Windows\system32\WSOCK32.dll
0x000007feff090000 - 0x000007feff0dd000 	C:\Windows\system32\WS2_32.dll
0x000007feff2e0000 - 0x000007feff2e8000 	C:\Windows\system32\NSI.dll
0x000007fefb7b0000 - 0x000007fefb7eb000 	C:\Windows\system32\WINMM.dll
0x0000000077c10000 - 0x0000000077c17000 	C:\Windows\system32\PSAPI.DLL
0x0000000074c10000 - 0x0000000074c1f000 	C:\Program Files\Java8\jdk1.8.0_31\jre\bin\verify.dll
0x00000000737c0000 - 0x00000000737e8000 	C:\Program Files\Java8\jdk1.8.0_31\jre\bin\java.dll
0x00000000739a0000 - 0x00000000739b6000 	C:\Program Files\Java8\jdk1.8.0_31\jre\bin\zip.dll
0x000007fefe300000 - 0x000007feff08a000 	C:\Windows\system32\SHELL32.dll
0x000007fefd740000 - 0x000007fefd74f000 	C:\Windows\system32\profapi.dll
0x000007fef7260000 - 0x000007fef7270000 	C:\Program Files (x86)\JetBrains\IntelliJ IDEA 2016.2.2\bin\breakgen64.dll
0x0000000073800000 - 0x000000007381a000 	C:\Program Files\Java8\jdk1.8.0_31\jre\bin\net.dll
0x000007fefce80000 - 0x000007fefced5000 	C:\Windows\system32\mswsock.dll
0x000007fefce70000 - 0x000007fefce77000 	C:\Windows\System32\wship6.dll
0x00000000658f0000 - 0x0000000065913000 	C:\Program Files\Java8\jdk1.8.0_31\jre\bin\instrument.dll
0x000007fefc840000 - 0x000007fefc847000 	C:\Windows\System32\wshtcpip.dll
0x000007fefcd00000 - 0x000007fefcd5b000 	C:\Windows\system32\DNSAPI.dll
0x000007fefa1f0000 - 0x000007fefa217000 	C:\Windows\system32\IPHLPAPI.DLL
0x000007fefa1e0000 - 0x000007fefa1eb000 	C:\Windows\system32\WINNSI.DLL
0x000007fef7550000 - 0x000007fef7558000 	C:\Windows\system32\rasadhlp.dll
0x000007fefa060000 - 0x000007fefa0b3000 	C:\Windows\System32\fwpuclnt.dll
0x00000000737f0000 - 0x00000000737fd000 	C:\Program Files\Java8\jdk1.8.0_31\jre\bin\management.dll
0x0000000073740000 - 0x0000000073751000 	C:\Program Files\Java8\jdk1.8.0_31\jre\bin\nio.dll
0x000007fefcee0000 - 0x000007fefcef8000 	C:\Windows\system32\CRYPTSP.dll
0x000007fefcbe0000 - 0x000007fefcc27000 	C:\Windows\system32\rsaenh.dll
0x000007fefd940000 - 0x000007fefd95e000 	C:\Windows\system32\USERENV.dll
0x000007fefd580000 - 0x000007fefd58f000 	C:\Windows\system32\CRYPTBASE.dll
0x000007fef9fe0000 - 0x000007fef9ff1000 	C:\Windows\system32\dhcpcsvc6.DLL
0x000007fef9fc0000 - 0x000007fef9fd8000 	C:\Windows\system32\dhcpcsvc.DLL
0x000007fefc170000 - 0x000007fefc185000 	C:\Windows\system32\NLAapi.dll
0x000007fef7120000 - 0x000007fef7135000 	C:\Windows\system32\napinsp.dll
0x000007fef6e30000 - 0x000007fef6e49000 	C:\Windows\system32\pnrpnsp.dll
0x000007fef6e20000 - 0x000007fef6e2b000 	C:\Windows\System32\winrnr.dll
0x000007fef6e10000 - 0x000007fef6e20000 	C:\Windows\system32\wshbth.dll
0x0000000068260000 - 0x000000006826f000 	C:\Program Files\Java8\jdk1.8.0_31\lib\visualvm\profiler\lib\deployed\jdk16\windows-amd64\profilerinterface.dll
0x000007feed7e0000 - 0x000007feed905000 	C:\Windows\system32\dbghelp.dll

VM Arguments:
jvm_args: -Dvisualvm.id=93128395577357 -Didea.launcher.port=7532 -Didea.launcher.bin.path=C:\Program Files (x86)\JetBrains\IntelliJ IDEA 2016.2.2\bin -Dfile.encoding=GBK 
java_command: com.intellij.rt.execution.application.AppMain chp4.LockThread
java_class_path (initial): C:\Program Files\Java8\jdk1.8.0_31\jre\lib\charsets.jar;C:\Program Files\Java8\jdk1.8.0_31\jre\lib\deploy.jar;C:\Program Files\Java8\jdk1.8.0_31\jre\lib\ext\access-bridge-64.jar;C:\Program Files\Java8\jdk1.8.0_31\jre\lib\ext\cldrdata.jar;C:\Program Files\Java8\jdk1.8.0_31\jre\lib\ext\dnsns.jar;C:\Program Files\Java8\jdk1.8.0_31\jre\lib\ext\jaccess.jar;C:\Program Files\Java8\jdk1.8.0_31\jre\lib\ext\jfxrt.jar;C:\Program Files\Java8\jdk1.8.0_31\jre\lib\ext\localedata.jar;C:\Program Files\Java8\jdk1.8.0_31\jre\lib\ext\nashorn.jar;C:\Program Files\Java8\jdk1.8.0_31\jre\lib\ext\sunec.jar;C:\Program Files\Java8\jdk1.8.0_31\jre\lib\ext\sunjce_provider.jar;C:\Program Files\Java8\jdk1.8.0_31\jre\lib\ext\sunmscapi.jar;C:\Program Files\Java8\jdk1.8.0_31\jre\lib\ext\sunpkcs11.jar;C:\Program Files\Java8\jdk1.8.0_31\jre\lib\ext\zipfs.jar;C:\Program Files\Java8\jdk1.8.0_31\jre\lib\javaws.jar;C:\Program Files\Java8\jdk1.8.0_31\jre\lib\jce.jar;C:\Program Files\Java8\jdk1.8.0_31\jre\lib\jfr.jar;C:\Program Files\Java8\jdk1.8.0_31\jre\lib\jfxswt.jar;C:\Program Files\Java8\jdk1.8.0_31\jre\lib\jsse.jar;C:\Program Files\Java8\jdk1.8.0_31\jre\lib\management-agent.jar;C:\Program Files\Java8\jdk1.8.0_31\jre\lib\plugin.jar;C:\Program Files\Java8\jdk1.8.0_31\jre\lib\resources.jar;C:\Program Files\Java8\jdk1.8.0_31\jre\lib\rt.jar;D:\IdeaProjects\JaryNote\common\jvm-book\target\classes;C:\Users\Administrator\.m2\repository\cglib\cglib\3.2.5\cglib-3.2.5.jar;C:\Users\Administrator\.m2\repository\org\ow2\asm\asm\5.2\asm-5.2.jar;C:\Users\Administrator\.m2\repository\org\apache\ant\ant\1.9.6\ant-1.9.6.jar;C:\Users\Administrator\.m2\repository\org\apache\ant\ant-launcher\1.9.6\ant-launcher-1.9.6.jar;C:\Users\Administrator\.m2\repository\com\google\inject\guice\4.1.0\guice-4.1.0.jar;C:\Users\Administrator\.m2\repository\javax\inject\javax.inject\1\javax.inject-1.jar;C:\Users\Administrator\.m2\repository\aopalliance\aopalliance\1.0\aopalliance-1.0.jar;C:\Users\Administrator\.
Launcher Type: SUN_STANDARD

Environment Variables:
JAVA_HOME=C:\Program Files\Java8\jdk1.8.0_31
CLASSPATH=.;C:\Program Files\Java8\jdk1.8.0_31\lib\dt.jar;C:\Program Files\Java8\jdk1.8.0_31\lib\tools.jar;
PATH=C:\ProgramData\Oracle\Java\javapath;C:\Windows\system32;C:\Windows;C:\Windows\System32\Wbem;C:\Windows\System32\WindowsPowerShell\v1.0\;C:\Program Files (x86)\maven-3.3.9\bin;C:\Program Files\Java8\jdk1.8.0_31\bin;C:\Program Files (x86)\hadoop-common-2.2.0-bin-master\bin;C:\program files (x86)\skype\Phone\;C:\Program Files (x86)\scala\bin;C:\Program Files\Git\cmd;C:\Program Files\gradle-3.5-bin\gradle-3.5\bin;C:\Program Files\nodejs\;C:\Program Files\CMake\bin;C:\Users\Administrator\AppData\Roaming\npm
USERNAME=Jary
OS=Windows_NT
PROCESSOR_IDENTIFIER=Intel64 Family 6 Model 61 Stepping 4, GenuineIntel



---------------  S Y S T E M  ---------------

OS: Windows 7 , 64 bit Build 7601 Service Pack 1

CPU:total 4 (2 cores per cpu, 2 threads per core) family 6 model 61 stepping 4, cmov, cx8, fxsr, mmx, sse, sse2, sse3, ssse3, sse4.1, sse4.2, popcnt, avx, avx2, clmul, erms, lzcnt, ht, tsc, tscinvbit, bmi1, bmi2

Memory: 4k page, physical 16466144k(8468748k free), swap 32930428k(23390152k free)

vm_info: Java HotSpot(TM) 64-Bit Server VM (25.31-b07) for windows-amd64 JRE (1.8.0_31-b13), built on Dec 17 2014 21:00:28 by "java_re" with MS VC++ 10.0 (VS2010)

time: Fri Oct 13 12:06:23 2017
elapsed time: 77 seconds (0d 0h 1m 17s)

